
> my-frontend@0.1.0 start
> react-scripts start

Starting the development server...

Compiled successfully!

You can now view my-frontend in the browser.

  Local:            http://localhost:3000
  On Your Network:  http://192.168.100.74:3000

Note that the development build is not optimized.
To create a production build, use npm run build.

[1mLOG from ./node_modules/react-scripts/node_modules/sass-loader/dist/cjs.js sass-loader ./node_modules/css-loader/dist/cjs.js??ruleSet[1].rules[1].oneOf[7].use[1]!./node_modules/postcss-loader/dist/cjs.js??ruleSet[1].rules[1].oneOf[7].use[2]!./node_modules/resolve-url-loader/index.js??ruleSet[1].rules[1].oneOf[7].use[3]!./node_modules/react-scripts/node_modules/sass-loader/dist/cjs.js??ruleSet[1].rules[1].oneOf[7].use[4]!./src/styles/global.scss[39m[22m
<w> [1m[33mDeprecation The legacy JS API is deprecated and will be removed in Dart Sass 2.0.0.[39m[22m
<w> [1m[33m[39m[22m
<w> [1m[33mMore info: https://sass-lang.com/d/legacy-js-api[39m[22m
<w> [1m[33m[39m[22m
<w> [1m[33mnull[39m[22m

[1mLOG from ./node_modules/react-scripts/node_modules/sass-loader/dist/cjs.js sass-loader ./node_modules/css-loader/dist/cjs.js??ruleSet[1].rules[1].oneOf[7].use[1]!./node_modules/postcss-loader/dist/cjs.js??ruleSet[1].rules[1].oneOf[7].use[2]!./node_modules/resolve-url-loader/index.js??ruleSet[1].rules[1].oneOf[7].use[3]!./node_modules/react-scripts/node_modules/sass-loader/dist/cjs.js??ruleSet[1].rules[1].oneOf[7].use[4]!./src/components/layoutcss/_footer.scss[39m[22m
<w> [1m[33mDeprecation The legacy JS API is deprecated and will be removed in Dart Sass 2.0.0.[39m[22m
<w> [1m[33m[39m[22m
<w> [1m[33mMore info: https://sass-lang.com/d/legacy-js-api[39m[22m
<w> [1m[33m[39m[22m
<w> [1m[33mnull[39m[22m

[1mLOG from ./node_modules/react-scripts/node_modules/sass-loader/dist/cjs.js sass-loader ./node_modules/css-loader/dist/cjs.js??ruleSet[1].rules[1].oneOf[7].use[1]!./node_modules/postcss-loader/dist/cjs.js??ruleSet[1].rules[1].oneOf[7].use[2]!./node_modules/resolve-url-loader/index.js??ruleSet[1].rules[1].oneOf[7].use[3]!./node_modules/react-scripts/node_modules/sass-loader/dist/cjs.js??ruleSet[1].rules[1].oneOf[7].use[4]!./src/components/Chat/ChatWidget.scss[39m[22m
<w> [1m[33mDeprecation The legacy JS API is deprecated and will be removed in Dart Sass 2.0.0.[39m[22m
<w> [1m[33m[39m[22m
<w> [1m[33mMore info: https://sass-lang.com/d/legacy-js-api[39m[22m
<w> [1m[33m[39m[22m
<w> [1m[33mnull[39m[22m

[1mLOG from ./node_modules/react-scripts/node_modules/sass-loader/dist/cjs.js sass-loader ./node_modules/css-loader/dist/cjs.js??ruleSet[1].rules[1].oneOf[7].use[1]!./node_modules/postcss-loader/dist/cjs.js??ruleSet[1].rules[1].oneOf[7].use[2]!./node_modules/resolve-url-loader/index.js??ruleSet[1].rules[1].oneOf[7].use[3]!./node_modules/react-scripts/node_modules/sass-loader/dist/cjs.js??ruleSet[1].rules[1].oneOf[7].use[4]!./src/components/layoutcss/_header.scss[39m[22m
<w> [1m[33mDeprecation The legacy JS API is deprecated and will be removed in Dart Sass 2.0.0.[39m[22m
<w> [1m[33m[39m[22m
<w> [1m[33mMore info: https://sass-lang.com/d/legacy-js-api[39m[22m
<w> [1m[33m[39m[22m
<w> [1m[33mnull[39m[22m

[1mLOG from ./node_modules/react-scripts/node_modules/sass-loader/dist/cjs.js sass-loader ./node_modules/css-loader/dist/cjs.js??ruleSet[1].rules[1].oneOf[7].use[1]!./node_modules/postcss-loader/dist/cjs.js??ruleSet[1].rules[1].oneOf[7].use[2]!./node_modules/resolve-url-loader/index.js??ruleSet[1].rules[1].oneOf[7].use[3]!./node_modules/react-scripts/node_modules/sass-loader/dist/cjs.js??ruleSet[1].rules[1].oneOf[7].use[4]!./src/page/User/change-password.scss[39m[22m
<w> [1m[33mDeprecation The legacy JS API is deprecated and will be removed in Dart Sass 2.0.0.[39m[22m
<w> [1m[33m[39m[22m
<w> [1m[33mMore info: https://sass-lang.com/d/legacy-js-api[39m[22m
<w> [1m[33m[39m[22m
<w> [1m[33mnull[39m[22m

[1mLOG from ./node_modules/react-scripts/node_modules/sass-loader/dist/cjs.js sass-loader ./node_modules/css-loader/dist/cjs.js??ruleSet[1].rules[1].oneOf[7].use[1]!./node_modules/postcss-loader/dist/cjs.js??ruleSet[1].rules[1].oneOf[7].use[2]!./node_modules/resolve-url-loader/index.js??ruleSet[1].rules[1].oneOf[7].use[3]!./node_modules/react-scripts/node_modules/sass-loader/dist/cjs.js??ruleSet[1].rules[1].oneOf[7].use[4]!./src/page/Anonymous/register.scss[39m[22m
<w> [1m[33mDeprecation The legacy JS API is deprecated and will be removed in Dart Sass 2.0.0.[39m[22m
<w> [1m[33m[39m[22m
<w> [1m[33mMore info: https://sass-lang.com/d/legacy-js-api[39m[22m
<w> [1m[33m[39m[22m
<w> [1m[33mnull[39m[22m

[1mLOG from ./node_modules/react-scripts/node_modules/sass-loader/dist/cjs.js sass-loader ./node_modules/css-loader/dist/cjs.js??ruleSet[1].rules[1].oneOf[7].use[1]!./node_modules/postcss-loader/dist/cjs.js??ruleSet[1].rules[1].oneOf[7].use[2]!./node_modules/resolve-url-loader/index.js??ruleSet[1].rules[1].oneOf[7].use[3]!./node_modules/react-scripts/node_modules/sass-loader/dist/cjs.js??ruleSet[1].rules[1].oneOf[7].use[4]!./src/page/Anonymous/login.scss[39m[22m
<w> [1m[33mDeprecation The legacy JS API is deprecated and will be removed in Dart Sass 2.0.0.[39m[22m
<w> [1m[33m[39m[22m
<w> [1m[33mMore info: https://sass-lang.com/d/legacy-js-api[39m[22m
<w> [1m[33m[39m[22m
<w> [1m[33mnull[39m[22m

[1mLOG from ./node_modules/react-scripts/node_modules/sass-loader/dist/cjs.js sass-loader ./node_modules/css-loader/dist/cjs.js??ruleSet[1].rules[1].oneOf[7].use[1]!./node_modules/postcss-loader/dist/cjs.js??ruleSet[1].rules[1].oneOf[7].use[2]!./node_modules/resolve-url-loader/index.js??ruleSet[1].rules[1].oneOf[7].use[3]!./node_modules/react-scripts/node_modules/sass-loader/dist/cjs.js??ruleSet[1].rules[1].oneOf[7].use[4]!./src/page/User/profile.scss[39m[22m
<w> [1m[33mDeprecation The legacy JS API is deprecated and will be removed in Dart Sass 2.0.0.[39m[22m
<w> [1m[33m[39m[22m
<w> [1m[33mMore info: https://sass-lang.com/d/legacy-js-api[39m[22m
<w> [1m[33m[39m[22m
<w> [1m[33mnull[39m[22m
<w> [1m[33mDeprecation Global built-in functions are deprecated and will be removed in Dart Sass 3.0.0.[39m[22m
<w> [1m[33mUse color.adjust instead.[39m[22m
<w> [1m[33m[39m[22m
<w> [1m[33mMore info and automated migrator: https://sass-lang.com/d/import[39m[22m
<w> [1m[33m[39m[22m
<w> [1m[33msrc\page\User\profile.scss 174:21  root stylesheet[39m[22m
<w> [1m[33m[39m[22m
<w> [1m[33mDeprecation darken() is deprecated. Suggestions:[39m[22m
<w> [1m[33m[39m[22m
<w> [1m[33mcolor.scale($color, $lightness: -25%)[39m[22m
<w> [1m[33mcolor.adjust($color, $lightness: -10%)[39m[22m
<w> [1m[33m[39m[22m
<w> [1m[33mMore info: https://sass-lang.com/d/color-functions[39m[22m
<w> [1m[33m[39m[22m
<w> [1m[33msrc\page\User\profile.scss 174:21  root stylesheet[39m[22m
<w> [1m[33m[39m[22m

[1mLOG from ./node_modules/react-scripts/node_modules/sass-loader/dist/cjs.js sass-loader ./node_modules/css-loader/dist/cjs.js??ruleSet[1].rules[1].oneOf[7].use[1]!./node_modules/postcss-loader/dist/cjs.js??ruleSet[1].rules[1].oneOf[7].use[2]!./node_modules/resolve-url-loader/index.js??ruleSet[1].rules[1].oneOf[7].use[3]!./node_modules/react-scripts/node_modules/sass-loader/dist/cjs.js??ruleSet[1].rules[1].oneOf[7].use[4]!./src/page/Shop/shop.scss[39m[22m
<w> [1m[33mDeprecation The legacy JS API is deprecated and will be removed in Dart Sass 2.0.0.[39m[22m
<w> [1m[33m[39m[22m
<w> [1m[33mMore info: https://sass-lang.com/d/legacy-js-api[39m[22m
<w> [1m[33m[39m[22m
<w> [1m[33mnull[39m[22m
<w> [1m[33mDeprecation Global built-in functions are deprecated and will be removed in Dart Sass 3.0.0.[39m[22m
<w> [1m[33mUse color.adjust instead.[39m[22m
<w> [1m[33m[39m[22m
<w> [1m[33mMore info and automated migrator: https://sass-lang.com/d/import[39m[22m
<w> [1m[33m[39m[22m
<w> [1m[33msrc\page\Shop\shop.scss 282:29  root stylesheet[39m[22m
<w> [1m[33m[39m[22m
<w> [1m[33mDeprecation lighten() is deprecated. Suggestions:[39m[22m
<w> [1m[33m[39m[22m
<w> [1m[33mcolor.scale($color, $lightness: 9.8455598456%)[39m[22m
<w> [1m[33mcolor.adjust($color, $lightness: 5%)[39m[22m
<w> [1m[33m[39m[22m
<w> [1m[33mMore info: https://sass-lang.com/d/color-functions[39m[22m
<w> [1m[33m[39m[22m
<w> [1m[33msrc\page\Shop\shop.scss 282:29  root stylesheet[39m[22m
<w> [1m[33m[39m[22m

[1mLOG from ./node_modules/react-scripts/node_modules/sass-loader/dist/cjs.js sass-loader ./node_modules/css-loader/dist/cjs.js??ruleSet[1].rules[1].oneOf[7].use[1]!./node_modules/postcss-loader/dist/cjs.js??ruleSet[1].rules[1].oneOf[7].use[2]!./node_modules/resolve-url-loader/index.js??ruleSet[1].rules[1].oneOf[7].use[3]!./node_modules/react-scripts/node_modules/sass-loader/dist/cjs.js??ruleSet[1].rules[1].oneOf[7].use[4]!./src/page/Portal/dich-vu.scss[39m[22m
<w> [1m[33mDeprecation The legacy JS API is deprecated and will be removed in Dart Sass 2.0.0.[39m[22m
<w> [1m[33m[39m[22m
<w> [1m[33mMore info: https://sass-lang.com/d/legacy-js-api[39m[22m
<w> [1m[33m[39m[22m
<w> [1m[33mnull[39m[22m
<w> [1m[33mDeprecation Global built-in functions are deprecated and will be removed in Dart Sass 3.0.0.[39m[22m
<w> [1m[33mUse color.adjust instead.[39m[22m
<w> [1m[33m[39m[22m
<w> [1m[33mMore info and automated migrator: https://sass-lang.com/d/import[39m[22m
<w> [1m[33m[39m[22m
<w> [1m[33msrc\page\Portal\dich-vu.scss 168:40  root stylesheet[39m[22m
<w> [1m[33m[39m[22m
<w> [1m[33mDeprecation darken() is deprecated. Suggestions:[39m[22m
<w> [1m[33m[39m[22m
<w> [1m[33mcolor.scale($color, $lightness: -17.1717171717%)[39m[22m
<w> [1m[33mcolor.adjust($color, $lightness: -10%)[39m[22m
<w> [1m[33m[39m[22m
<w> [1m[33mMore info: https://sass-lang.com/d/color-functions[39m[22m
<w> [1m[33m[39m[22m
<w> [1m[33msrc\page\Portal\dich-vu.scss 168:40  root stylesheet[39m[22m
<w> [1m[33m[39m[22m

[1mLOG from ./node_modules/react-scripts/node_modules/sass-loader/dist/cjs.js sass-loader ./node_modules/css-loader/dist/cjs.js??ruleSet[1].rules[1].oneOf[7].use[1]!./node_modules/postcss-loader/dist/cjs.js??ruleSet[1].rules[1].oneOf[7].use[2]!./node_modules/resolve-url-loader/index.js??ruleSet[1].rules[1].oneOf[7].use[3]!./node_modules/react-scripts/node_modules/sass-loader/dist/cjs.js??ruleSet[1].rules[1].oneOf[7].use[4]!./src/page/Shop/transaction-history.scss[39m[22m
<w> [1m[33mDeprecation The legacy JS API is deprecated and will be removed in Dart Sass 2.0.0.[39m[22m
<w> [1m[33m[39m[22m
<w> [1m[33mMore info: https://sass-lang.com/d/legacy-js-api[39m[22m
<w> [1m[33m[39m[22m
<w> [1m[33mnull[39m[22m

[1mLOG from ./node_modules/react-scripts/node_modules/sass-loader/dist/cjs.js sass-loader ./node_modules/css-loader/dist/cjs.js??ruleSet[1].rules[1].oneOf[7].use[1]!./node_modules/postcss-loader/dist/cjs.js??ruleSet[1].rules[1].oneOf[7].use[2]!./node_modules/resolve-url-loader/index.js??ruleSet[1].rules[1].oneOf[7].use[3]!./node_modules/react-scripts/node_modules/sass-loader/dist/cjs.js??ruleSet[1].rules[1].oneOf[7].use[4]!./src/page/Portal/portal.scss[39m[22m
<w> [1m[33mDeprecation The legacy JS API is deprecated and will be removed in Dart Sass 2.0.0.[39m[22m
<w> [1m[33m[39m[22m
<w> [1m[33mMore info: https://sass-lang.com/d/legacy-js-api[39m[22m
<w> [1m[33m[39m[22m
<w> [1m[33mnull[39m[22m
<w> [1m[33mDeprecation Sass @import rules are deprecated and will be removed in Dart Sass 3.0.0.[39m[22m
<w> [1m[33m[39m[22m
<w> [1m[33mMore info and automated migrator: https://sass-lang.com/d/import[39m[22m
<w> [1m[33m[39m[22m
<w> [1m[33msrc\page\Portal\portal.scss 1:9  root stylesheet[39m[22m
<w> [1m[33m[39m[22m
<w> [1m[33mDeprecation Global built-in functions are deprecated and will be removed in Dart Sass 3.0.0.[39m[22m
<w> [1m[33mUse color.adjust instead.[39m[22m
<w> [1m[33m[39m[22m
<w> [1m[33mMore info and automated migrator: https://sass-lang.com/d/import[39m[22m
<w> [1m[33m[39m[22m
<w> [1m[33msrc\page\Shop\shop.scss 282:29   @import[39m[22m
<w> [1m[33msrc\page\Portal\portal.scss 1:9  root stylesheet[39m[22m
<w> [1m[33m[39m[22m
<w> [1m[33mDeprecation lighten() is deprecated. Suggestions:[39m[22m
<w> [1m[33m[39m[22m
<w> [1m[33mcolor.scale($color, $lightness: 9.8455598456%)[39m[22m
<w> [1m[33mcolor.adjust($color, $lightness: 5%)[39m[22m
<w> [1m[33m[39m[22m
<w> [1m[33mMore info: https://sass-lang.com/d/color-functions[39m[22m
<w> [1m[33m[39m[22m
<w> [1m[33msrc\page\Shop\shop.scss 282:29   @import[39m[22m
<w> [1m[33msrc\page\Portal\portal.scss 1:9  root stylesheet[39m[22m
<w> [1m[33m[39m[22m

[1mLOG from ./node_modules/react-scripts/node_modules/sass-loader/dist/cjs.js sass-loader ./node_modules/css-loader/dist/cjs.js??ruleSet[1].rules[1].oneOf[7].use[1]!./node_modules/postcss-loader/dist/cjs.js??ruleSet[1].rules[1].oneOf[7].use[2]!./node_modules/resolve-url-loader/index.js??ruleSet[1].rules[1].oneOf[7].use[3]!./node_modules/react-scripts/node_modules/sass-loader/dist/cjs.js??ruleSet[1].rules[1].oneOf[7].use[4]!./src/page/Admin/admin.scss[39m[22m
<w> [1m[33mDeprecation The legacy JS API is deprecated and will be removed in Dart Sass 2.0.0.[39m[22m
<w> [1m[33m[39m[22m
<w> [1m[33mMore info: https://sass-lang.com/d/legacy-js-api[39m[22m
<w> [1m[33m[39m[22m
<w> [1m[33mnull[39m[22m

[1mLOG from ./node_modules/react-scripts/node_modules/sass-loader/dist/cjs.js sass-loader ./node_modules/css-loader/dist/cjs.js??ruleSet[1].rules[1].oneOf[7].use[1]!./node_modules/postcss-loader/dist/cjs.js??ruleSet[1].rules[1].oneOf[7].use[2]!./node_modules/resolve-url-loader/index.js??ruleSet[1].rules[1].oneOf[7].use[3]!./node_modules/react-scripts/node_modules/sass-loader/dist/cjs.js??ruleSet[1].rules[1].oneOf[7].use[4]!./src/page/Portal/qr-payment.scss[39m[22m
<w> [1m[33mDeprecation The legacy JS API is deprecated and will be removed in Dart Sass 2.0.0.[39m[22m
<w> [1m[33m[39m[22m
<w> [1m[33mMore info: https://sass-lang.com/d/legacy-js-api[39m[22m
<w> [1m[33m[39m[22m
<w> [1m[33mnull[39m[22m

[1mLOG from ./node_modules/react-scripts/node_modules/sass-loader/dist/cjs.js sass-loader ./node_modules/css-loader/dist/cjs.js??ruleSet[1].rules[1].oneOf[7].use[1]!./node_modules/postcss-loader/dist/cjs.js??ruleSet[1].rules[1].oneOf[7].use[2]!./node_modules/resolve-url-loader/index.js??ruleSet[1].rules[1].oneOf[7].use[3]!./node_modules/react-scripts/node_modules/sass-loader/dist/cjs.js??ruleSet[1].rules[1].oneOf[7].use[4]!./src/page/Portal/service-detail.scss[39m[22m
<w> [1m[33mDeprecation The legacy JS API is deprecated and will be removed in Dart Sass 2.0.0.[39m[22m
<w> [1m[33m[39m[22m
<w> [1m[33mMore info: https://sass-lang.com/d/legacy-js-api[39m[22m
<w> [1m[33m[39m[22m
<w> [1m[33mnull[39m[22m

[1mLOG from ./node_modules/react-scripts/node_modules/sass-loader/dist/cjs.js sass-loader ./node_modules/css-loader/dist/cjs.js??ruleSet[1].rules[1].oneOf[7].use[1]!./node_modules/postcss-loader/dist/cjs.js??ruleSet[1].rules[1].oneOf[7].use[2]!./node_modules/resolve-url-loader/index.js??ruleSet[1].rules[1].oneOf[7].use[3]!./node_modules/react-scripts/node_modules/sass-loader/dist/cjs.js??ruleSet[1].rules[1].oneOf[7].use[4]!./src/components/Chat/ChatBox.scss[39m[22m
<w> [1m[33mDeprecation The legacy JS API is deprecated and will be removed in Dart Sass 2.0.0.[39m[22m
<w> [1m[33m[39m[22m
<w> [1m[33mMore info: https://sass-lang.com/d/legacy-js-api[39m[22m
<w> [1m[33m[39m[22m
<w> [1m[33mnull[39m[22m

[1mLOG from ./node_modules/react-scripts/node_modules/sass-loader/dist/cjs.js sass-loader ./node_modules/css-loader/dist/cjs.js??ruleSet[1].rules[1].oneOf[7].use[1]!./node_modules/postcss-loader/dist/cjs.js??ruleSet[1].rules[1].oneOf[7].use[2]!./node_modules/resolve-url-loader/index.js??ruleSet[1].rules[1].oneOf[7].use[3]!./node_modules/react-scripts/node_modules/sass-loader/dist/cjs.js??ruleSet[1].rules[1].oneOf[7].use[4]!./src/components/PaymentTable/PaymentTable.scss[39m[22m
<w> [1m[33mDeprecation The legacy JS API is deprecated and will be removed in Dart Sass 2.0.0.[39m[22m
<w> [1m[33m[39m[22m
<w> [1m[33mMore info: https://sass-lang.com/d/legacy-js-api[39m[22m
<w> [1m[33m[39m[22m
<w> [1m[33mnull[39m[22m

[1mLOG from ./node_modules/react-scripts/node_modules/sass-loader/dist/cjs.js sass-loader ./node_modules/css-loader/dist/cjs.js??ruleSet[1].rules[1].oneOf[7].use[1]!./node_modules/postcss-loader/dist/cjs.js??ruleSet[1].rules[1].oneOf[7].use[2]!./node_modules/resolve-url-loader/index.js??ruleSet[1].rules[1].oneOf[7].use[3]!./node_modules/react-scripts/node_modules/sass-loader/dist/cjs.js??ruleSet[1].rules[1].oneOf[7].use[4]!./src/components/ReviewForm/ReviewForm.scss[39m[22m
<w> [1m[33mDeprecation The legacy JS API is deprecated and will be removed in Dart Sass 2.0.0.[39m[22m
<w> [1m[33m[39m[22m
<w> [1m[33mMore info: https://sass-lang.com/d/legacy-js-api[39m[22m
<w> [1m[33m[39m[22m
<w> [1m[33mnull[39m[22m

[1mLOG from ./node_modules/react-scripts/node_modules/sass-loader/dist/cjs.js sass-loader ./node_modules/css-loader/dist/cjs.js??ruleSet[1].rules[1].oneOf[7].use[1]!./node_modules/postcss-loader/dist/cjs.js??ruleSet[1].rules[1].oneOf[7].use[2]!./node_modules/resolve-url-loader/index.js??ruleSet[1].rules[1].oneOf[7].use[3]!./node_modules/react-scripts/node_modules/sass-loader/dist/cjs.js??ruleSet[1].rules[1].oneOf[7].use[4]!./src/components/ServiceStatusBadge/ServiceStatusBadge.scss[39m[22m
<w> [1m[33mDeprecation The legacy JS API is deprecated and will be removed in Dart Sass 2.0.0.[39m[22m
<w> [1m[33m[39m[22m
<w> [1m[33mMore info: https://sass-lang.com/d/legacy-js-api[39m[22m
<w> [1m[33m[39m[22m
<w> [1m[33mnull[39m[22m

[1mLOG from ./node_modules/react-scripts/node_modules/sass-loader/dist/cjs.js sass-loader ./node_modules/css-loader/dist/cjs.js??ruleSet[1].rules[1].oneOf[7].use[1]!./node_modules/postcss-loader/dist/cjs.js??ruleSet[1].rules[1].oneOf[7].use[2]!./node_modules/resolve-url-loader/index.js??ruleSet[1].rules[1].oneOf[7].use[3]!./node_modules/react-scripts/node_modules/sass-loader/dist/cjs.js??ruleSet[1].rules[1].oneOf[7].use[4]!./src/components/PriceTable/PriceTable.scss[39m[22m
<w> [1m[33mDeprecation The legacy JS API is deprecated and will be removed in Dart Sass 2.0.0.[39m[22m
<w> [1m[33m[39m[22m
<w> [1m[33mMore info: https://sass-lang.com/d/legacy-js-api[39m[22m
<w> [1m[33m[39m[22m
<w> [1m[33mnull[39m[22m

webpack compiled [1m[32msuccessfully[39m[22m
